2025-06-28T00:04:43+00:00 INFO Array
(
    [Webhook Delivery] => Array
        (
            [Delivery ID] => db4f2fd9e9cbd2254a4095066b16542b
            [Date] => Jun 28, 2025 @ 0:04
            [URL] => https://api2.unific.com/webhooks/woocommerce?integration=i2g6E4hPfUe4DbS3NtGq4lOxZBTLsu4vAN2bqze_7q4nJFE48YfzWQoFSo4
            [Duration] => 0.86239
            [Request] => Array
                (
                    [Method] => POST
                    [Headers] => Array
                        (
                            [User-Agent] => WooCommerce/9.9.5 Hookshot (WordPress/6.8.1)
                            [Content-Type] => application/json
                            [X-WC-Webhook-Source] => https://ewebtechs.com/
                            [X-WC-Webhook-Topic] => customer.updated
                            [X-WC-Webhook-Resource] => customer
                            [X-WC-Webhook-Event] => updated
                            [X-WC-Webhook-Signature] => OfJ24Kwpj9o2oS1kTzX7vhcIGGyEeatJP0hZdFGF5R4=
                            [X-WC-Webhook-ID] => 2
                            [X-WC-Webhook-Delivery-ID] => db4f2fd9e9cbd2254a4095066b16542b
                        )

                )

            [Body] => Webhook body is not logged unless WP_DEBUG mode is turned on. This is to avoid the storing of personal data in the logs.
            [Response] => Array
                (
                    [Code] => 200
                    [Message] => OK
                    [Headers] => WpOrg\Requests\Utility\CaseInsensitiveDictionary Object
                        (
                            [data:protected] => Array
                                (
                                    [date] => Sat, 28 Jun 2025 00:04:43 GMT
                                    [content-length] => 0
                                )

                        )

                    [Body] => Webhook body is not logged unless WP_DEBUG mode is turned on. This is to avoid the storing of personal data in the logs.
                )

        )

)
2025-06-28T01:19:56+00:00 INFO Array
(
    [Webhook Delivery] => Array
        (
            [Delivery ID] => 75881c9775a672003e00c7c1e5205ee1
            [Date] => Jun 28, 2025 @ 1:19
            [URL] => https://api2.unific.com/webhooks/woocommerce?integration=i2g6E4hPfUe4DbS3NtGq4lOxZBTLsu4vAN2bqze_7q4nJFE48YfzWQoFSo4
            [Duration] => 0.91557
            [Request] => Array
                (
                    [Method] => POST
                    [Headers] => Array
                        (
                            [User-Agent] => WooCommerce/9.9.5 Hookshot (WordPress/6.8.1)
                            [Content-Type] => application/json
                            [X-WC-Webhook-Source] => https://ewebtechs.com/
                            [X-WC-Webhook-Topic] => customer.updated
                            [X-WC-Webhook-Resource] => customer
                            [X-WC-Webhook-Event] => updated
                            [X-WC-Webhook-Signature] => KeeTU52GwVrzTG1uk+QD55iAa+e4eBQ79tjsHk4taa8=
                            [X-WC-Webhook-ID] => 2
                            [X-WC-Webhook-Delivery-ID] => 75881c9775a672003e00c7c1e5205ee1
                        )

                )

            [Body] => Webhook body is not logged unless WP_DEBUG mode is turned on. This is to avoid the storing of personal data in the logs.
            [Response] => Array
                (
                    [Code] => 200
                    [Message] => OK
                    [Headers] => WpOrg\Requests\Utility\CaseInsensitiveDictionary Object
                        (
                            [data:protected] => Array
                                (
                                    [date] => Sat, 28 Jun 2025 01:19:56 GMT
                                    [content-length] => 0
                                )

                        )

                    [Body] => Webhook body is not logged unless WP_DEBUG mode is turned on. This is to avoid the storing of personal data in the logs.
                )

        )

)
2025-06-28T01:20:26+00:00 INFO Array
(
    [Webhook Delivery] => Array
        (
            [Delivery ID] => c7bd863bcdfd31ac2ea2e96e6cb5ab84
            [Date] => Jun 28, 2025 @ 1:20
            [URL] => https://api2.unific.com/webhooks/woocommerce?integration=i2g6E4hPfUe4DbS3NtGq4lOxZBTLsu4vAN2bqze_7q4nJFE48YfzWQoFSo4
            [Duration] => 0.83799
            [Request] => Array
                (
                    [Method] => POST
                    [Headers] => Array
                        (
                            [User-Agent] => WooCommerce/9.9.5 Hookshot (WordPress/6.8.1)
                            [Content-Type] => application/json
                            [X-WC-Webhook-Source] => https://ewebtechs.com/
                            [X-WC-Webhook-Topic] => customer.updated
                            [X-WC-Webhook-Resource] => customer
                            [X-WC-Webhook-Event] => updated
                            [X-WC-Webhook-Signature] => PBZqIwF/IQQRaC/WeepUSEVo322EfLWaMArA8aRhTMY=
                            [X-WC-Webhook-ID] => 2
                            [X-WC-Webhook-Delivery-ID] => c7bd863bcdfd31ac2ea2e96e6cb5ab84
                        )

                )

            [Body] => Webhook body is not logged unless WP_DEBUG mode is turned on. This is to avoid the storing of personal data in the logs.
            [Response] => Array
                (
                    [Code] => 200
                    [Message] => OK
                    [Headers] => WpOrg\Requests\Utility\CaseInsensitiveDictionary Object
                        (
                            [data:protected] => Array
                                (
                                    [date] => Sat, 28 Jun 2025 01:20:26 GMT
                                    [content-length] => 0
                                )

                        )

                    [Body] => Webhook body is not logged unless WP_DEBUG mode is turned on. This is to avoid the storing of personal data in the logs.
                )

        )

)
