2025-07-01T04:19:49+00:00 INFO Array
(
    [Webhook Delivery] => Array
        (
            [Delivery ID] => 74969e9a1f249b276f2f964dd37421fc
            [Date] => Jul 1, 2025 @ 4:19
            [URL] => https://api2.unific.com/webhooks/woocommerce?integration=i2g6E4hPfUe4DbS3NtGq4lOxZBTLsu4vAN2bqze_7q4nJFE48YfzWQoFSo4
            [Duration] => 0.90516
            [Request] => Array
                (
                    [Method] => POST
                    [Headers] => Array
                        (
                            [User-Agent] => WooCommerce/9.9.5 Hookshot (WordPress/6.8.1)
                            [Content-Type] => application/json
                            [X-WC-Webhook-Source] => https://ewebtechs.com/
                            [X-WC-Webhook-Topic] => customer.updated
                            [X-WC-Webhook-Resource] => customer
                            [X-WC-Webhook-Event] => updated
                            [X-WC-Webhook-Signature] => UPC0JKJbxnh0mD5U5MZTPtBM0JtZnPunvHfoRHH3qPk=
                            [X-WC-Webhook-ID] => 2
                            [X-WC-Webhook-Delivery-ID] => 74969e9a1f249b276f2f964dd37421fc
                        )

                )

            [Body] => Webhook body is not logged unless WP_DEBUG mode is turned on. This is to avoid the storing of personal data in the logs.
            [Response] => Array
                (
                    [Code] => 200
                    [Message] => OK
                    [Headers] => WpOrg\Requests\Utility\CaseInsensitiveDictionary Object
                        (
                            [data:protected] => Array
                                (
                                    [date] => Tue, 01 Jul 2025 04:19:49 GMT
                                    [content-length] => 0
                                )

                        )

                    [Body] => Webhook body is not logged unless WP_DEBUG mode is turned on. This is to avoid the storing of personal data in the logs.
                )

        )

)
