2025-06-17T00:15:55+00:00 INFO Array
(
    [Webhook Delivery] => Array
        (
            [Delivery ID] => 7aac53bcee09d3772dd32adc2d90ce08
            [Date] => Jun 17, 2025 @ 0:15
            [URL] => https://api2.unific.com/webhooks/woocommerce?integration=i2g6E4hPfUe4DbS3NtGq4lOxZBTLsu4vAN2bqze_7q4nJFE48YfzWQoFSo4
            [Duration] => 1.06578
            [Request] => Array
                (
                    [Method] => POST
                    [Headers] => Array
                        (
                            [User-Agent] => WooCommerce/9.9.4 Hookshot (WordPress/6.8.1)
                            [Content-Type] => application/json
                            [X-WC-Webhook-Source] => https://ewebtechs.com/
                            [X-WC-Webhook-Topic] => customer.created
                            [X-WC-Webhook-Resource] => customer
                            [X-WC-Webhook-Event] => created
                            [X-WC-Webhook-Signature] => zo+mvqHprZADntA/HFiXZmeFAdbHwvIjQMg/OgEWz30=
                            [X-WC-Webhook-ID] => 1
                            [X-WC-Webhook-Delivery-ID] => 7aac53bcee09d3772dd32adc2d90ce08
                        )

                )

            [Body] => Webhook body is not logged unless WP_DEBUG mode is turned on. This is to avoid the storing of personal data in the logs.
            [Response] => Array
                (
                    [Code] => 200
                    [Message] => OK
                    [Headers] => WpOrg\Requests\Utility\CaseInsensitiveDictionary Object
                        (
                            [data:protected] => Array
                                (
                                    [date] => Tue, 17 Jun 2025 00:15:55 GMT
                                    [content-length] => 0
                                )

                        )

                    [Body] => Webhook body is not logged unless WP_DEBUG mode is turned on. This is to avoid the storing of personal data in the logs.
                )

        )

)
2025-06-17T00:15:56+00:00 INFO Array
(
    [Webhook Delivery] => Array
        (
            [Delivery ID] => e801248a5bde6bfcfacbf431dc3c082e
            [Date] => Jun 17, 2025 @ 0:15
            [URL] => https://api2.unific.com/webhooks/woocommerce?integration=i2g6E4hPfUe4DbS3NtGq4lOxZBTLsu4vAN2bqze_7q4nJFE48YfzWQoFSo4
            [Duration] => 0.68427
            [Request] => Array
                (
                    [Method] => POST
                    [Headers] => Array
                        (
                            [User-Agent] => WooCommerce/9.9.4 Hookshot (WordPress/6.8.1)
                            [Content-Type] => application/json
                            [X-WC-Webhook-Source] => https://ewebtechs.com/
                            [X-WC-Webhook-Topic] => customer.updated
                            [X-WC-Webhook-Resource] => customer
                            [X-WC-Webhook-Event] => updated
                            [X-WC-Webhook-Signature] => zo+mvqHprZADntA/HFiXZmeFAdbHwvIjQMg/OgEWz30=
                            [X-WC-Webhook-ID] => 2
                            [X-WC-Webhook-Delivery-ID] => e801248a5bde6bfcfacbf431dc3c082e
                        )

                )

            [Body] => Webhook body is not logged unless WP_DEBUG mode is turned on. This is to avoid the storing of personal data in the logs.
            [Response] => Array
                (
                    [Code] => 200
                    [Message] => OK
                    [Headers] => WpOrg\Requests\Utility\CaseInsensitiveDictionary Object
                        (
                            [data:protected] => Array
                                (
                                    [date] => Tue, 17 Jun 2025 00:15:55 GMT
                                    [content-length] => 0
                                )

                        )

                    [Body] => Webhook body is not logged unless WP_DEBUG mode is turned on. This is to avoid the storing of personal data in the logs.
                )

        )

)
2025-06-17T01:13:00+00:00 INFO Array
(
    [Webhook Delivery] => Array
        (
            [Delivery ID] => 47830fe93c40de08d750d44a7b7af976
            [Date] => Jun 17, 2025 @ 1:13
            [URL] => https://api2.unific.com/webhooks/woocommerce?integration=i2g6E4hPfUe4DbS3NtGq4lOxZBTLsu4vAN2bqze_7q4nJFE48YfzWQoFSo4
            [Duration] => 0.86888
            [Request] => Array
                (
                    [Method] => POST
                    [Headers] => Array
                        (
                            [User-Agent] => WooCommerce/9.9.4 Hookshot (WordPress/6.8.1)
                            [Content-Type] => application/json
                            [X-WC-Webhook-Source] => https://ewebtechs.com/
                            [X-WC-Webhook-Topic] => customer.updated
                            [X-WC-Webhook-Resource] => customer
                            [X-WC-Webhook-Event] => updated
                            [X-WC-Webhook-Signature] => 6p0NdHDxgtK4giUC2aYm9T4VxjVBB4czOjGZOAZkGlM=
                            [X-WC-Webhook-ID] => 2
                            [X-WC-Webhook-Delivery-ID] => 47830fe93c40de08d750d44a7b7af976
                        )

                )

            [Body] => Webhook body is not logged unless WP_DEBUG mode is turned on. This is to avoid the storing of personal data in the logs.
            [Response] => Array
                (
                    [Code] => 200
                    [Message] => OK
                    [Headers] => WpOrg\Requests\Utility\CaseInsensitiveDictionary Object
                        (
                            [data:protected] => Array
                                (
                                    [date] => Tue, 17 Jun 2025 01:13:00 GMT
                                    [content-length] => 0
                                )

                        )

                    [Body] => Webhook body is not logged unless WP_DEBUG mode is turned on. This is to avoid the storing of personal data in the logs.
                )

        )

)
