2025-06-27T01:08:23+00:00 INFO Array
(
    [Webhook Delivery] => Array
        (
            [Delivery ID] => b34c4c8171f43590c63528a78ba08ec1
            [Date] => Jun 27, 2025 @ 1:08
            [URL] => https://api2.unific.com/webhooks/woocommerce?integration=i2g6E4hPfUe4DbS3NtGq4lOxZBTLsu4vAN2bqze_7q4nJFE48YfzWQoFSo4
            [Duration] => 0.89582
            [Request] => Array
                (
                    [Method] => POST
                    [Headers] => Array
                        (
                            [User-Agent] => WooCommerce/9.9.5 Hookshot (WordPress/6.8.1)
                            [Content-Type] => application/json
                            [X-WC-Webhook-Source] => https://ewebtechs.com/
                            [X-WC-Webhook-Topic] => order.updated
                            [X-WC-Webhook-Resource] => order
                            [X-WC-Webhook-Event] => updated
                            [X-WC-Webhook-Signature] => CGWktKFbDAAKFYQVRgQ2p6PD4nAUl6DzwxOKF07ZPa0=
                            [X-WC-Webhook-ID] => 4
                            [X-WC-Webhook-Delivery-ID] => b34c4c8171f43590c63528a78ba08ec1
                        )

                )

            [Body] => Webhook body is not logged unless WP_DEBUG mode is turned on. This is to avoid the storing of personal data in the logs.
            [Response] => Array
                (
                    [Code] => 200
                    [Message] => OK
                    [Headers] => WpOrg\Requests\Utility\CaseInsensitiveDictionary Object
                        (
                            [data:protected] => Array
                                (
                                    [date] => Fri, 27 Jun 2025 01:08:22 GMT
                                    [content-length] => 0
                                )

                        )

                    [Body] => Webhook body is not logged unless WP_DEBUG mode is turned on. This is to avoid the storing of personal data in the logs.
                )

        )

)
2025-06-27T23:48:14+00:00 INFO Array
(
    [Webhook Delivery] => Array
        (
            [Delivery ID] => bd4eb78dd589043678c4589dc3709cb2
            [Date] => Jun 27, 2025 @ 23:48
            [URL] => https://api2.unific.com/webhooks/woocommerce?integration=i2g6E4hPfUe4DbS3NtGq4lOxZBTLsu4vAN2bqze_7q4nJFE48YfzWQoFSo4
            [Duration] => 0.8302
            [Request] => Array
                (
                    [Method] => POST
                    [Headers] => Array
                        (
                            [User-Agent] => WooCommerce/9.9.5 Hookshot (WordPress/6.8.1)
                            [Content-Type] => application/json
                            [X-WC-Webhook-Source] => https://ewebtechs.com/
                            [X-WC-Webhook-Topic] => order.updated
                            [X-WC-Webhook-Resource] => order
                            [X-WC-Webhook-Event] => updated
                            [X-WC-Webhook-Signature] => JMIRo+LZSZ3m9h50sGQPu0knyrGXjNcT+p4/pQP/kv8=
                            [X-WC-Webhook-ID] => 4
                            [X-WC-Webhook-Delivery-ID] => bd4eb78dd589043678c4589dc3709cb2
                        )

                )

            [Body] => Webhook body is not logged unless WP_DEBUG mode is turned on. This is to avoid the storing of personal data in the logs.
            [Response] => Array
                (
                    [Code] => 200
                    [Message] => OK
                    [Headers] => WpOrg\Requests\Utility\CaseInsensitiveDictionary Object
                        (
                            [data:protected] => Array
                                (
                                    [date] => Fri, 27 Jun 2025 23:48:14 GMT
                                    [content-length] => 0
                                )

                        )

                    [Body] => Webhook body is not logged unless WP_DEBUG mode is turned on. This is to avoid the storing of personal data in the logs.
                )

        )

)
